<?xml version="1.0" encoding="UTF-8" ?>
<testsuite tests="10" failures="0" name="com.sg.summativem3.vendingmachine.servicelayer.VendingMachineServiceLayerTest" time="0.005" errors="0" skipped="0">
  <properties>
[...]
</properties>
  <testcase classname="com.sg.summativem3.vendingmachine.servicelayer.VendingMachineServiceLayerTest" name="com.sg.summativem3.vendingmachine.servicelayer.VendingMachineServiceLayerTest.testPurchaseVending" time="0"/>
  <testcase classname="com.sg.summativem3.vendingmachine.servicelayer.VendingMachineServiceLayerTest" name="com.sg.summativem3.vendingmachine.servicelayer.VendingMachineServiceLayerTest.testAddMoney" time="0"/>
  <testcase classname="com.sg.summativem3.vendingmachine.servicelayer.VendingMachineServiceLayerTest" name="com.sg.summativem3.vendingmachine.servicelayer.VendingMachineServiceLayerTest.testGetVending" time="0"/>
  <testcase classname="com.sg.summativem3.vendingmachine.servicelayer.VendingMachineServiceLayerTest" name="com.sg.summativem3.vendingmachine.servicelayer.VendingMachineServiceLayerTest.testGetAmountOfCoins" time="0"/>
  <testcase classname="com.sg.summativem3.vendingmachine.servicelayer.VendingMachineServiceLayerTest" name="com.sg.summativem3.vendingmachine.servicelayer.VendingMachineServiceLayerTest.testUpdateItem" time="0"/>
  <testcase classname="com.sg.summativem3.vendingmachine.servicelayer.VendingMachineServiceLayerTest" name="com.sg.summativem3.vendingmachine.servicelayer.VendingMachineServiceLayerTest.testValidateStock" time="0"/>
  <testcase classname="com.sg.summativem3.vendingmachine.servicelayer.VendingMachineServiceLayerTest" name="com.sg.summativem3.vendingmachine.servicelayer.VendingMachineServiceLayerTest.testValidateMoney" time="0"/>
  <testcase classname="com.sg.summativem3.vendingmachine.servicelayer.VendingMachineServiceLayerTest" name="com.sg.summativem3.vendingmachine.servicelayer.VendingMachineServiceLayerTest.testInsufficientFunds" time="0"/>
  <testcase classname="com.sg.summativem3.vendingmachine.servicelayer.VendingMachineServiceLayerTest" name="com.sg.summativem3.vendingmachine.servicelayer.VendingMachineServiceLayerTest.testNoItemInventoryException" time="0.005"/>
  <testcase classname="com.sg.summativem3.vendingmachine.servicelayer.VendingMachineServiceLayerTest" name="com.sg.summativem3.vendingmachine.servicelayer.VendingMachineServiceLayerTest.testGetAllItems" time="0"/>
</testsuite>