<?xml version="1.0" encoding="UTF-8"?>
<testsuite xmlns:xsi="http://www.w3.org/2001/XMLSchema-instance" xsi:noNamespaceSchemaLocation="https://maven.apache.org/surefire/maven-surefire-plugin/xsd/surefire-test-report-3.0.xsd" version="3.0" name="com.sg.masteryoop.flooringmastery.dao.FlooringMasteryDaoTest" time="0.062" tests="16" errors="0" skipped="0" failures="0">
  <properties>
[...]
</properties>
  <testcase name="testMarshallOrder" classname="com.sg.masteryoop.flooringmastery.dao.FlooringMasteryDaoTest" time="0.014"/>
  <testcase name="testDisplayOrder" classname="com.sg.masteryoop.flooringmastery.dao.FlooringMasteryDaoTest" time="0.016"/>
  <testcase name="testGetOrderMap" classname="com.sg.masteryoop.flooringmastery.dao.FlooringMasteryDaoTest" time="0"/>
  <testcase name="testLoadConfig" classname="com.sg.masteryoop.flooringmastery.dao.FlooringMasteryDaoTest" time="0.001"/>
  <testcase name="testWriteOrder" classname="com.sg.masteryoop.flooringmastery.dao.FlooringMasteryDaoTest" time="0.001"/>
  <testcase name="testGetAllTaxes" classname="com.sg.masteryoop.flooringmastery.dao.FlooringMasteryDaoTest" time="0.001"/>
  <testcase name="testRemoveOrder" classname="com.sg.masteryoop.flooringmastery.dao.FlooringMasteryDaoTest" time="0.001"/>
  <testcase name="testGetOrderByDate" classname="com.sg.masteryoop.flooringmastery.dao.FlooringMasteryDaoTest" time="0"/>
  <testcase name="testCheckConfig" classname="com.sg.masteryoop.flooringmastery.dao.FlooringMasteryDaoTest" time="0.001"/>
  <testcase name="testAddGetOrder" classname="com.sg.masteryoop.flooringmastery.dao.FlooringMasteryDaoTest" time="0.001"/>
  <testcase name="testGetAllOrders" classname="com.sg.masteryoop.flooringmastery.dao.FlooringMasteryDaoTest" time="0.001"/>
  <testcase name="testGetOrderById" classname="com.sg.masteryoop.flooringmastery.dao.FlooringMasteryDaoTest" time="0.003"/>
  <testcase name="testLoadProducts" classname="com.sg.masteryoop.flooringmastery.dao.FlooringMasteryDaoTest" time="0"/>
  <testcase name="testGetAllProducts" classname="com.sg.masteryoop.flooringmastery.dao.FlooringMasteryDaoTest" time="0.001"/>
  <testcase name="testLoadOrder" classname="com.sg.masteryoop.flooringmastery.dao.FlooringMasteryDaoTest" time="0.001"/>
  <testcase name="testLoadTaxes" classname="com.sg.masteryoop.flooringmastery.dao.FlooringMasteryDaoTest" time="0.002"/>
</testsuite>