-------------------------------------------------------------------------------
Test set: com.sg.dvdlibrary.service.DVDLibraryServiceLayerTest
-------------------------------------------------------------------------------
Tests run: 7, Failures: 0, Errors: 7, Skipped: 0, Time elapsed: 0.925 s <<< FAILURE! - in com.sg.dvdlibrary.service.DVDLibraryServiceLayerTest
testLoadLibrary  Time elapsed: 0.015 s  <<< ERROR!
org.springframework.beans.factory.xml.XmlBeanDefinitionStoreException: Line 27 in XML document from class path resource [applicationContext.xml] is invalid; nested exception is org.xml.sax.SAXParseException; lineNumber: 27; columnNumber: 62; cvc-complex-type.2.4.a: Invalid content was found starting with element '{"http://www.springframework.org/schema/beans":bean}'. One of '{"http://www.springframework.org/schema/beans":description, "http://www.springframework.org/schema/beans":meta, "http://www.springframework.org/schema/beans":constructor-arg, "http://www.springframework.org/schema/beans":property, "http://www.springframework.org/schema/beans":qualifier, "http://www.springframework.org/schema/beans":lookup-method, "http://www.springframework.org/schema/beans":replaced-method, WC[##other:"http://www.springframework.org/schema/beans"]}' is expected.
	at com.sg.dvdlibrary.service.DVDLibraryServiceLayerTest.<init>(DVDLibraryServiceLayerTest.java:32)
Caused by: org.xml.sax.SAXParseException: cvc-complex-type.2.4.a: Invalid content was found starting with element '{"http://www.springframework.org/schema/beans":bean}'. One of '{"http://www.springframework.org/schema/beans":description, "http://www.springframework.org/schema/beans":meta, "http://www.springframework.org/schema/beans":constructor-arg, "http://www.springframework.org/schema/beans":property, "http://www.springframework.org/schema/beans":qualifier, "http://www.springframework.org/schema/beans":lookup-method, "http://www.springframework.org/schema/beans":replaced-method, WC[##other:"http://www.springframework.org/schema/beans"]}' is expected.
	at com.sg.dvdlibrary.service.DVDLibraryServiceLayerTest.<init>(DVDLibraryServiceLayerTest.java:32)

testGetAllDVDs  Time elapsed: 0 s  <<< ERROR!
org.springframework.beans.factory.xml.XmlBeanDefinitionStoreException: Line 27 in XML document from class path resource [applicationContext.xml] is invalid; nested exception is org.xml.sax.SAXParseException; lineNumber: 27; columnNumber: 62; cvc-complex-type.2.4.a: Invalid content was found starting with element '{"http://www.springframework.org/schema/beans":bean}'. One of '{"http://www.springframework.org/schema/beans":description, "http://www.springframework.org/schema/beans":meta, "http://www.springframework.org/schema/beans":constructor-arg, "http://www.springframework.org/schema/beans":property, "http://www.springframework.org/schema/beans":qualifier, "http://www.springframework.org/schema/beans":lookup-method, "http://www.springframework.org/schema/beans":replaced-method, WC[##other:"http://www.springframework.org/schema/beans"]}' is expected.
	at com.sg.dvdlibrary.service.DVDLibraryServiceLayerTest.<init>(DVDLibraryServiceLayerTest.java:32)
Caused by: org.xml.sax.SAXParseException: cvc-complex-type.2.4.a: Invalid content was found starting with element '{"http://www.springframework.org/schema/beans":bean}'. One of '{"http://www.springframework.org/schema/beans":description, "http://www.springframework.org/schema/beans":meta, "http://www.springframework.org/schema/beans":constructor-arg, "http://www.springframework.org/schema/beans":property, "http://www.springframework.org/schema/beans":qualifier, "http://www.springframework.org/schema/beans":lookup-method, "http://www.springframework.org/schema/beans":replaced-method, WC[##other:"http://www.springframework.org/schema/beans"]}' is expected.
	at com.sg.dvdlibrary.service.DVDLibraryServiceLayerTest.<init>(DVDLibraryServiceLayerTest.java:32)

testWriteLibrary  Time elapsed: 0 s  <<< ERROR!
org.springframework.beans.factory.xml.XmlBeanDefinitionStoreException: Line 27 in XML document from class path resource [applicationContext.xml] is invalid; nested exception is org.xml.sax.SAXParseException; lineNumber: 27; columnNumber: 62; cvc-complex-type.2.4.a: Invalid content was found starting with element '{"http://www.springframework.org/schema/beans":bean}'. One of '{"http://www.springframework.org/schema/beans":description, "http://www.springframework.org/schema/beans":meta, "http://www.springframework.org/schema/beans":constructor-arg, "http://www.springframework.org/schema/beans":property, "http://www.springframework.org/schema/beans":qualifier, "http://www.springframework.org/schema/beans":lookup-method, "http://www.springframework.org/schema/beans":replaced-method, WC[##other:"http://www.springframework.org/schema/beans"]}' is expected.
	at com.sg.dvdlibrary.service.DVDLibraryServiceLayerTest.<init>(DVDLibraryServiceLayerTest.java:32)
Caused by: org.xml.sax.SAXParseException: cvc-complex-type.2.4.a: Invalid content was found starting with element '{"http://www.springframework.org/schema/beans":bean}'. One of '{"http://www.springframework.org/schema/beans":description, "http://www.springframework.org/schema/beans":meta, "http://www.springframework.org/schema/beans":constructor-arg, "http://www.springframework.org/schema/beans":property, "http://www.springframework.org/schema/beans":qualifier, "http://www.springframework.org/schema/beans":lookup-method, "http://www.springframework.org/schema/beans":replaced-method, WC[##other:"http://www.springframework.org/schema/beans"]}' is expected.
	at com.sg.dvdlibrary.service.DVDLibraryServiceLayerTest.<init>(DVDLibraryServiceLayerTest.java:32)

testCreatDVDDuplicateID  Time elapsed: 0.001 s  <<< ERROR!
org.springframework.beans.factory.xml.XmlBeanDefinitionStoreException: Line 27 in XML document from class path resource [applicationContext.xml] is invalid; nested exception is org.xml.sax.SAXParseException; lineNumber: 27; columnNumber: 62; cvc-complex-type.2.4.a: Invalid content was found starting with element '{"http://www.springframework.org/schema/beans":bean}'. One of '{"http://www.springframework.org/schema/beans":description, "http://www.springframework.org/schema/beans":meta, "http://www.springframework.org/schema/beans":constructor-arg, "http://www.springframework.org/schema/beans":property, "http://www.springframework.org/schema/beans":qualifier, "http://www.springframework.org/schema/beans":lookup-method, "http://www.springframework.org/schema/beans":replaced-method, WC[##other:"http://www.springframework.org/schema/beans"]}' is expected.
	at com.sg.dvdlibrary.service.DVDLibraryServiceLayerTest.<init>(DVDLibraryServiceLayerTest.java:32)
Caused by: org.xml.sax.SAXParseException: cvc-complex-type.2.4.a: Invalid content was found starting with element '{"http://www.springframework.org/schema/beans":bean}'. One of '{"http://www.springframework.org/schema/beans":description, "http://www.springframework.org/schema/beans":meta, "http://www.springframework.org/schema/beans":constructor-arg, "http://www.springframework.org/schema/beans":property, "http://www.springframework.org/schema/beans":qualifier, "http://www.springframework.org/schema/beans":lookup-method, "http://www.springframework.org/schema/beans":replaced-method, WC[##other:"http://www.springframework.org/schema/beans"]}' is expected.
	at com.sg.dvdlibrary.service.DVDLibraryServiceLayerTest.<init>(DVDLibraryServiceLayerTest.java:32)

testCreateDVD  Time elapsed: 0.001 s  <<< ERROR!
org.springframework.beans.factory.xml.XmlBeanDefinitionStoreException: Line 27 in XML document from class path resource [applicationContext.xml] is invalid; nested exception is org.xml.sax.SAXParseException; lineNumber: 27; columnNumber: 62; cvc-complex-type.2.4.a: Invalid content was found starting with element '{"http://www.springframework.org/schema/beans":bean}'. One of '{"http://www.springframework.org/schema/beans":description, "http://www.springframework.org/schema/beans":meta, "http://www.springframework.org/schema/beans":constructor-arg, "http://www.springframework.org/schema/beans":property, "http://www.springframework.org/schema/beans":qualifier, "http://www.springframework.org/schema/beans":lookup-method, "http://www.springframework.org/schema/beans":replaced-method, WC[##other:"http://www.springframework.org/schema/beans"]}' is expected.
	at com.sg.dvdlibrary.service.DVDLibraryServiceLayerTest.<init>(DVDLibraryServiceLayerTest.java:32)
Caused by: org.xml.sax.SAXParseException: cvc-complex-type.2.4.a: Invalid content was found starting with element '{"http://www.springframework.org/schema/beans":bean}'. One of '{"http://www.springframework.org/schema/beans":description, "http://www.springframework.org/schema/beans":meta, "http://www.springframework.org/schema/beans":constructor-arg, "http://www.springframework.org/schema/beans":property, "http://www.springframework.org/schema/beans":qualifier, "http://www.springframework.org/schema/beans":lookup-method, "http://www.springframework.org/schema/beans":replaced-method, WC[##other:"http://www.springframework.org/schema/beans"]}' is expected.
	at com.sg.dvdlibrary.service.DVDLibraryServiceLayerTest.<init>(DVDLibraryServiceLayerTest.java:32)

testGetDVD  Time elapsed: 0.002 s  <<< ERROR!
org.springframework.beans.factory.xml.XmlBeanDefinitionStoreException: Line 27 in XML document from class path resource [applicationContext.xml] is invalid; nested exception is org.xml.sax.SAXParseException; lineNumber: 27; columnNumber: 62; cvc-complex-type.2.4.a: Invalid content was found starting with element '{"http://www.springframework.org/schema/beans":bean}'. One of '{"http://www.springframework.org/schema/beans":description, "http://www.springframework.org/schema/beans":meta, "http://www.springframework.org/schema/beans":constructor-arg, "http://www.springframework.org/schema/beans":property, "http://www.springframework.org/schema/beans":qualifier, "http://www.springframework.org/schema/beans":lookup-method, "http://www.springframework.org/schema/beans":replaced-method, WC[##other:"http://www.springframework.org/schema/beans"]}' is expected.
	at com.sg.dvdlibrary.service.DVDLibraryServiceLayerTest.<init>(DVDLibraryServiceLayerTest.java:32)
Caused by: org.xml.sax.SAXParseException: cvc-complex-type.2.4.a: Invalid content was found starting with element '{"http://www.springframework.org/schema/beans":bean}'. One of '{"http://www.springframework.org/schema/beans":description, "http://www.springframework.org/schema/beans":meta, "http://www.springframework.org/schema/beans":constructor-arg, "http://www.springframework.org/schema/beans":property, "http://www.springframework.org/schema/beans":qualifier, "http://www.springframework.org/schema/beans":lookup-method, "http://www.springframework.org/schema/beans":replaced-method, WC[##other:"http://www.springframework.org/schema/beans"]}' is expected.
	at com.sg.dvdlibrary.service.DVDLibraryServiceLayerTest.<init>(DVDLibraryServiceLayerTest.java:32)

testRemoveDVD  Time elapsed: 0.001 s  <<< ERROR!
org.springframework.beans.factory.xml.XmlBeanDefinitionStoreException: Line 27 in XML document from class path resource [applicationContext.xml] is invalid; nested exception is org.xml.sax.SAXParseException; lineNumber: 27; columnNumber: 62; cvc-complex-type.2.4.a: Invalid content was found starting with element '{"http://www.springframework.org/schema/beans":bean}'. One of '{"http://www.springframework.org/schema/beans":description, "http://www.springframework.org/schema/beans":meta, "http://www.springframework.org/schema/beans":constructor-arg, "http://www.springframework.org/schema/beans":property, "http://www.springframework.org/schema/beans":qualifier, "http://www.springframework.org/schema/beans":lookup-method, "http://www.springframework.org/schema/beans":replaced-method, WC[##other:"http://www.springframework.org/schema/beans"]}' is expected.
	at com.sg.dvdlibrary.service.DVDLibraryServiceLayerTest.<init>(DVDLibraryServiceLayerTest.java:32)
Caused by: org.xml.sax.SAXParseException: cvc-complex-type.2.4.a: Invalid content was found starting with element '{"http://www.springframework.org/schema/beans":bean}'. One of '{"http://www.springframework.org/schema/beans":description, "http://www.springframework.org/schema/beans":meta, "http://www.springframework.org/schema/beans":constructor-arg, "http://www.springframework.org/schema/beans":property, "http://www.springframework.org/schema/beans":qualifier, "http://www.springframework.org/schema/beans":lookup-method, "http://www.springframework.org/schema/beans":replaced-method, WC[##other:"http://www.springframework.org/schema/beans"]}' is expected.
	at com.sg.dvdlibrary.service.DVDLibraryServiceLayerTest.<init>(DVDLibraryServiceLayerTest.java:32)

