<?xml version="1.0" encoding="UTF-8"?>
<testsuite xmlns:xsi="http://www.w3.org/2001/XMLSchema-instance" xsi:noNamespaceSchemaLocation="https://maven.apache.org/surefire/maven-surefire-plugin/xsd/surefire-test-report-3.0.xsd" version="3.0" name="com.sg.dvdlibrary.service.DVDLibraryServiceLayerTest" time="0.925" tests="7" errors="7" skipped="0" failures="0">
  <properties>
[...]
</properties>
  <testcase name="testLoadLibrary" classname="com.sg.dvdlibrary.service.DVDLibraryServiceLayerTest" time="0.015">
    <error message="Line 27 in XML document from class path resource [applicationContext.xml] is invalid; nested exception is org.xml.sax.SAXParseException; lineNumber: 27; columnNumber: 62; cvc-complex-type.2.4.a: Invalid content was found starting with element &apos;{&quot;http://www.springframework.org/schema/beans&quot;:bean}&apos;. One of &apos;{&quot;http://www.springframework.org/schema/beans&quot;:description, &quot;http://www.springframework.org/schema/beans&quot;:meta, &quot;http://www.springframework.org/schema/beans&quot;:constructor-arg, &quot;http://www.springframework.org/schema/beans&quot;:property, &quot;http://www.springframework.org/schema/beans&quot;:qualifier, &quot;http://www.springframework.org/schema/beans&quot;:lookup-method, &quot;http://www.springframework.org/schema/beans&quot;:replaced-method, WC[##other:&quot;http://www.springframework.org/schema/beans&quot;]}&apos; is expected." type="org.springframework.beans.factory.xml.XmlBeanDefinitionStoreException"><![CDATA[org.springframework.beans.factory.xml.XmlBeanDefinitionStoreException: Line 27 in XML document from class path resource [applicationContext.xml] is invalid; nested exception is org.xml.sax.SAXParseException; lineNumber: 27; columnNumber: 62; cvc-complex-type.2.4.a: Invalid content was found starting with element '{"http://www.springframework.org/schema/beans":bean}'. One of '{"http://www.springframework.org/schema/beans":description, "http://www.springframework.org/schema/beans":meta, "http://www.springframework.org/schema/beans":constructor-arg, "http://www.springframework.org/schema/beans":property, "http://www.springframework.org/schema/beans":qualifier, "http://www.springframework.org/schema/beans":lookup-method, "http://www.springframework.org/schema/beans":replaced-method, WC[##other:"http://www.springframework.org/schema/beans"]}' is expected.
	at com.sg.dvdlibrary.service.DVDLibraryServiceLayerTest.<init>(DVDLibraryServiceLayerTest.java:32)
Caused by: org.xml.sax.SAXParseException: cvc-complex-type.2.4.a: Invalid content was found starting with element '{"http://www.springframework.org/schema/beans":bean}'. One of '{"http://www.springframework.org/schema/beans":description, "http://www.springframework.org/schema/beans":meta, "http://www.springframework.org/schema/beans":constructor-arg, "http://www.springframework.org/schema/beans":property, "http://www.springframework.org/schema/beans":qualifier, "http://www.springframework.org/schema/beans":lookup-method, "http://www.springframework.org/schema/beans":replaced-method, WC[##other:"http://www.springframework.org/schema/beans"]}' is expected.
	at com.sg.dvdlibrary.service.DVDLibraryServiceLayerTest.<init>(DVDLibraryServiceLayerTest.java:32)
]]></error>
    <system-err><![CDATA[Feb 27, 2020 1:47:23 PM org.springframework.context.support.ClassPathXmlApplicationContext prepareRefresh
INFO: Refreshing org.springframework.context.support.ClassPathXmlApplicationContext@1c72da34: startup date [Thu Feb 27 13:47:23 CST 2020]; root of context hierarchy
Feb 27, 2020 1:47:23 PM org.springframework.beans.factory.xml.XmlBeanDefinitionReader loadBeanDefinitions
INFO: Loading XML bean definitions from class path resource [applicationContext.xml]
]]></system-err>
  </testcase>
  <testcase name="testGetAllDVDs" classname="com.sg.dvdlibrary.service.DVDLibraryServiceLayerTest" time="0">
    <error message="Line 27 in XML document from class path resource [applicationContext.xml] is invalid; nested exception is org.xml.sax.SAXParseException; lineNumber: 27; columnNumber: 62; cvc-complex-type.2.4.a: Invalid content was found starting with element &apos;{&quot;http://www.springframework.org/schema/beans&quot;:bean}&apos;. One of &apos;{&quot;http://www.springframework.org/schema/beans&quot;:description, &quot;http://www.springframework.org/schema/beans&quot;:meta, &quot;http://www.springframework.org/schema/beans&quot;:constructor-arg, &quot;http://www.springframework.org/schema/beans&quot;:property, &quot;http://www.springframework.org/schema/beans&quot;:qualifier, &quot;http://www.springframework.org/schema/beans&quot;:lookup-method, &quot;http://www.springframework.org/schema/beans&quot;:replaced-method, WC[##other:&quot;http://www.springframework.org/schema/beans&quot;]}&apos; is expected." type="org.springframework.beans.factory.xml.XmlBeanDefinitionStoreException"><![CDATA[org.springframework.beans.factory.xml.XmlBeanDefinitionStoreException: Line 27 in XML document from class path resource [applicationContext.xml] is invalid; nested exception is org.xml.sax.SAXParseException; lineNumber: 27; columnNumber: 62; cvc-complex-type.2.4.a: Invalid content was found starting with element '{"http://www.springframework.org/schema/beans":bean}'. One of '{"http://www.springframework.org/schema/beans":description, "http://www.springframework.org/schema/beans":meta, "http://www.springframework.org/schema/beans":constructor-arg, "http://www.springframework.org/schema/beans":property, "http://www.springframework.org/schema/beans":qualifier, "http://www.springframework.org/schema/beans":lookup-method, "http://www.springframework.org/schema/beans":replaced-method, WC[##other:"http://www.springframework.org/schema/beans"]}' is expected.
	at com.sg.dvdlibrary.service.DVDLibraryServiceLayerTest.<init>(DVDLibraryServiceLayerTest.java:32)
Caused by: org.xml.sax.SAXParseException: cvc-complex-type.2.4.a: Invalid content was found starting with element '{"http://www.springframework.org/schema/beans":bean}'. One of '{"http://www.springframework.org/schema/beans":description, "http://www.springframework.org/schema/beans":meta, "http://www.springframework.org/schema/beans":constructor-arg, "http://www.springframework.org/schema/beans":property, "http://www.springframework.org/schema/beans":qualifier, "http://www.springframework.org/schema/beans":lookup-method, "http://www.springframework.org/schema/beans":replaced-method, WC[##other:"http://www.springframework.org/schema/beans"]}' is expected.
	at com.sg.dvdlibrary.service.DVDLibraryServiceLayerTest.<init>(DVDLibraryServiceLayerTest.java:32)
]]></error>
    <system-err><![CDATA[Feb 27, 2020 1:47:23 PM org.springframework.context.support.ClassPathXmlApplicationContext prepareRefresh
INFO: Refreshing org.springframework.context.support.ClassPathXmlApplicationContext@2cdd0d4b: startup date [Thu Feb 27 13:47:23 CST 2020]; root of context hierarchy
Feb 27, 2020 1:47:23 PM org.springframework.beans.factory.xml.XmlBeanDefinitionReader loadBeanDefinitions
INFO: Loading XML bean definitions from class path resource [applicationContext.xml]
]]></system-err>
  </testcase>
  <testcase name="testWriteLibrary" classname="com.sg.dvdlibrary.service.DVDLibraryServiceLayerTest" time="0">
    <error message="Line 27 in XML document from class path resource [applicationContext.xml] is invalid; nested exception is org.xml.sax.SAXParseException; lineNumber: 27; columnNumber: 62; cvc-complex-type.2.4.a: Invalid content was found starting with element &apos;{&quot;http://www.springframework.org/schema/beans&quot;:bean}&apos;. One of &apos;{&quot;http://www.springframework.org/schema/beans&quot;:description, &quot;http://www.springframework.org/schema/beans&quot;:meta, &quot;http://www.springframework.org/schema/beans&quot;:constructor-arg, &quot;http://www.springframework.org/schema/beans&quot;:property, &quot;http://www.springframework.org/schema/beans&quot;:qualifier, &quot;http://www.springframework.org/schema/beans&quot;:lookup-method, &quot;http://www.springframework.org/schema/beans&quot;:replaced-method, WC[##other:&quot;http://www.springframework.org/schema/beans&quot;]}&apos; is expected." type="org.springframework.beans.factory.xml.XmlBeanDefinitionStoreException"><![CDATA[org.springframework.beans.factory.xml.XmlBeanDefinitionStoreException: Line 27 in XML document from class path resource [applicationContext.xml] is invalid; nested exception is org.xml.sax.SAXParseException; lineNumber: 27; columnNumber: 62; cvc-complex-type.2.4.a: Invalid content was found starting with element '{"http://www.springframework.org/schema/beans":bean}'. One of '{"http://www.springframework.org/schema/beans":description, "http://www.springframework.org/schema/beans":meta, "http://www.springframework.org/schema/beans":constructor-arg, "http://www.springframework.org/schema/beans":property, "http://www.springframework.org/schema/beans":qualifier, "http://www.springframework.org/schema/beans":lookup-method, "http://www.springframework.org/schema/beans":replaced-method, WC[##other:"http://www.springframework.org/schema/beans"]}' is expected.
	at com.sg.dvdlibrary.service.DVDLibraryServiceLayerTest.<init>(DVDLibraryServiceLayerTest.java:32)
Caused by: org.xml.sax.SAXParseException: cvc-complex-type.2.4.a: Invalid content was found starting with element '{"http://www.springframework.org/schema/beans":bean}'. One of '{"http://www.springframework.org/schema/beans":description, "http://www.springframework.org/schema/beans":meta, "http://www.springframework.org/schema/beans":constructor-arg, "http://www.springframework.org/schema/beans":property, "http://www.springframework.org/schema/beans":qualifier, "http://www.springframework.org/schema/beans":lookup-method, "http://www.springframework.org/schema/beans":replaced-method, WC[##other:"http://www.springframework.org/schema/beans"]}' is expected.
	at com.sg.dvdlibrary.service.DVDLibraryServiceLayerTest.<init>(DVDLibraryServiceLayerTest.java:32)
]]></error>
    <system-err><![CDATA[Feb 27, 2020 1:47:23 PM org.springframework.context.support.ClassPathXmlApplicationContext prepareRefresh
INFO: Refreshing org.springframework.context.support.ClassPathXmlApplicationContext@2177849e: startup date [Thu Feb 27 13:47:23 CST 2020]; root of context hierarchy
Feb 27, 2020 1:47:23 PM org.springframework.beans.factory.xml.XmlBeanDefinitionReader loadBeanDefinitions
INFO: Loading XML bean definitions from class path resource [applicationContext.xml]
]]></system-err>
  </testcase>
  <testcase name="testCreatDVDDuplicateID" classname="com.sg.dvdlibrary.service.DVDLibraryServiceLayerTest" time="0.001">
    <error message="Line 27 in XML document from class path resource [applicationContext.xml] is invalid; nested exception is org.xml.sax.SAXParseException; lineNumber: 27; columnNumber: 62; cvc-complex-type.2.4.a: Invalid content was found starting with element &apos;{&quot;http://www.springframework.org/schema/beans&quot;:bean}&apos;. One of &apos;{&quot;http://www.springframework.org/schema/beans&quot;:description, &quot;http://www.springframework.org/schema/beans&quot;:meta, &quot;http://www.springframework.org/schema/beans&quot;:constructor-arg, &quot;http://www.springframework.org/schema/beans&quot;:property, &quot;http://www.springframework.org/schema/beans&quot;:qualifier, &quot;http://www.springframework.org/schema/beans&quot;:lookup-method, &quot;http://www.springframework.org/schema/beans&quot;:replaced-method, WC[##other:&quot;http://www.springframework.org/schema/beans&quot;]}&apos; is expected." type="org.springframework.beans.factory.xml.XmlBeanDefinitionStoreException"><![CDATA[org.springframework.beans.factory.xml.XmlBeanDefinitionStoreException: Line 27 in XML document from class path resource [applicationContext.xml] is invalid; nested exception is org.xml.sax.SAXParseException; lineNumber: 27; columnNumber: 62; cvc-complex-type.2.4.a: Invalid content was found starting with element '{"http://www.springframework.org/schema/beans":bean}'. One of '{"http://www.springframework.org/schema/beans":description, "http://www.springframework.org/schema/beans":meta, "http://www.springframework.org/schema/beans":constructor-arg, "http://www.springframework.org/schema/beans":property, "http://www.springframework.org/schema/beans":qualifier, "http://www.springframework.org/schema/beans":lookup-method, "http://www.springframework.org/schema/beans":replaced-method, WC[##other:"http://www.springframework.org/schema/beans"]}' is expected.
	at com.sg.dvdlibrary.service.DVDLibraryServiceLayerTest.<init>(DVDLibraryServiceLayerTest.java:32)
Caused by: org.xml.sax.SAXParseException: cvc-complex-type.2.4.a: Invalid content was found starting with element '{"http://www.springframework.org/schema/beans":bean}'. One of '{"http://www.springframework.org/schema/beans":description, "http://www.springframework.org/schema/beans":meta, "http://www.springframework.org/schema/beans":constructor-arg, "http://www.springframework.org/schema/beans":property, "http://www.springframework.org/schema/beans":qualifier, "http://www.springframework.org/schema/beans":lookup-method, "http://www.springframework.org/schema/beans":replaced-method, WC[##other:"http://www.springframework.org/schema/beans"]}' is expected.
	at com.sg.dvdlibrary.service.DVDLibraryServiceLayerTest.<init>(DVDLibraryServiceLayerTest.java:32)
]]></error>
    <system-err><![CDATA[Feb 27, 2020 1:47:24 PM org.springframework.context.support.ClassPathXmlApplicationContext prepareRefresh
INFO: Refreshing org.springframework.context.support.ClassPathXmlApplicationContext@2abf4075: startup date [Thu Feb 27 13:47:24 CST 2020]; root of context hierarchy
Feb 27, 2020 1:47:24 PM org.springframework.beans.factory.xml.XmlBeanDefinitionReader loadBeanDefinitions
INFO: Loading XML bean definitions from class path resource [applicationContext.xml]
]]></system-err>
  </testcase>
  <testcase name="testCreateDVD" classname="com.sg.dvdlibrary.service.DVDLibraryServiceLayerTest" time="0.001">
    <error message="Line 27 in XML document from class path resource [applicationContext.xml] is invalid; nested exception is org.xml.sax.SAXParseException; lineNumber: 27; columnNumber: 62; cvc-complex-type.2.4.a: Invalid content was found starting with element &apos;{&quot;http://www.springframework.org/schema/beans&quot;:bean}&apos;. One of &apos;{&quot;http://www.springframework.org/schema/beans&quot;:description, &quot;http://www.springframework.org/schema/beans&quot;:meta, &quot;http://www.springframework.org/schema/beans&quot;:constructor-arg, &quot;http://www.springframework.org/schema/beans&quot;:property, &quot;http://www.springframework.org/schema/beans&quot;:qualifier, &quot;http://www.springframework.org/schema/beans&quot;:lookup-method, &quot;http://www.springframework.org/schema/beans&quot;:replaced-method, WC[##other:&quot;http://www.springframework.org/schema/beans&quot;]}&apos; is expected." type="org.springframework.beans.factory.xml.XmlBeanDefinitionStoreException"><![CDATA[org.springframework.beans.factory.xml.XmlBeanDefinitionStoreException: Line 27 in XML document from class path resource [applicationContext.xml] is invalid; nested exception is org.xml.sax.SAXParseException; lineNumber: 27; columnNumber: 62; cvc-complex-type.2.4.a: Invalid content was found starting with element '{"http://www.springframework.org/schema/beans":bean}'. One of '{"http://www.springframework.org/schema/beans":description, "http://www.springframework.org/schema/beans":meta, "http://www.springframework.org/schema/beans":constructor-arg, "http://www.springframework.org/schema/beans":property, "http://www.springframework.org/schema/beans":qualifier, "http://www.springframework.org/schema/beans":lookup-method, "http://www.springframework.org/schema/beans":replaced-method, WC[##other:"http://www.springframework.org/schema/beans"]}' is expected.
	at com.sg.dvdlibrary.service.DVDLibraryServiceLayerTest.<init>(DVDLibraryServiceLayerTest.java:32)
Caused by: org.xml.sax.SAXParseException: cvc-complex-type.2.4.a: Invalid content was found starting with element '{"http://www.springframework.org/schema/beans":bean}'. One of '{"http://www.springframework.org/schema/beans":description, "http://www.springframework.org/schema/beans":meta, "http://www.springframework.org/schema/beans":constructor-arg, "http://www.springframework.org/schema/beans":property, "http://www.springframework.org/schema/beans":qualifier, "http://www.springframework.org/schema/beans":lookup-method, "http://www.springframework.org/schema/beans":replaced-method, WC[##other:"http://www.springframework.org/schema/beans"]}' is expected.
	at com.sg.dvdlibrary.service.DVDLibraryServiceLayerTest.<init>(DVDLibraryServiceLayerTest.java:32)
]]></error>
    <system-err><![CDATA[Feb 27, 2020 1:47:24 PM org.springframework.context.support.ClassPathXmlApplicationContext prepareRefresh
INFO: Refreshing org.springframework.context.support.ClassPathXmlApplicationContext@3a6bb9bf: startup date [Thu Feb 27 13:47:24 CST 2020]; root of context hierarchy
Feb 27, 2020 1:47:24 PM org.springframework.beans.factory.xml.XmlBeanDefinitionReader loadBeanDefinitions
INFO: Loading XML bean definitions from class path resource [applicationContext.xml]
]]></system-err>
  </testcase>
  <testcase name="testGetDVD" classname="com.sg.dvdlibrary.service.DVDLibraryServiceLayerTest" time="0.002">
    <error message="Line 27 in XML document from class path resource [applicationContext.xml] is invalid; nested exception is org.xml.sax.SAXParseException; lineNumber: 27; columnNumber: 62; cvc-complex-type.2.4.a: Invalid content was found starting with element &apos;{&quot;http://www.springframework.org/schema/beans&quot;:bean}&apos;. One of &apos;{&quot;http://www.springframework.org/schema/beans&quot;:description, &quot;http://www.springframework.org/schema/beans&quot;:meta, &quot;http://www.springframework.org/schema/beans&quot;:constructor-arg, &quot;http://www.springframework.org/schema/beans&quot;:property, &quot;http://www.springframework.org/schema/beans&quot;:qualifier, &quot;http://www.springframework.org/schema/beans&quot;:lookup-method, &quot;http://www.springframework.org/schema/beans&quot;:replaced-method, WC[##other:&quot;http://www.springframework.org/schema/beans&quot;]}&apos; is expected." type="org.springframework.beans.factory.xml.XmlBeanDefinitionStoreException"><![CDATA[org.springframework.beans.factory.xml.XmlBeanDefinitionStoreException: Line 27 in XML document from class path resource [applicationContext.xml] is invalid; nested exception is org.xml.sax.SAXParseException; lineNumber: 27; columnNumber: 62; cvc-complex-type.2.4.a: Invalid content was found starting with element '{"http://www.springframework.org/schema/beans":bean}'. One of '{"http://www.springframework.org/schema/beans":description, "http://www.springframework.org/schema/beans":meta, "http://www.springframework.org/schema/beans":constructor-arg, "http://www.springframework.org/schema/beans":property, "http://www.springframework.org/schema/beans":qualifier, "http://www.springframework.org/schema/beans":lookup-method, "http://www.springframework.org/schema/beans":replaced-method, WC[##other:"http://www.springframework.org/schema/beans"]}' is expected.
	at com.sg.dvdlibrary.service.DVDLibraryServiceLayerTest.<init>(DVDLibraryServiceLayerTest.java:32)
Caused by: org.xml.sax.SAXParseException: cvc-complex-type.2.4.a: Invalid content was found starting with element '{"http://www.springframework.org/schema/beans":bean}'. One of '{"http://www.springframework.org/schema/beans":description, "http://www.springframework.org/schema/beans":meta, "http://www.springframework.org/schema/beans":constructor-arg, "http://www.springframework.org/schema/beans":property, "http://www.springframework.org/schema/beans":qualifier, "http://www.springframework.org/schema/beans":lookup-method, "http://www.springframework.org/schema/beans":replaced-method, WC[##other:"http://www.springframework.org/schema/beans"]}' is expected.
	at com.sg.dvdlibrary.service.DVDLibraryServiceLayerTest.<init>(DVDLibraryServiceLayerTest.java:32)
]]></error>
    <system-err><![CDATA[Feb 27, 2020 1:47:24 PM org.springframework.context.support.ClassPathXmlApplicationContext prepareRefresh
INFO: Refreshing org.springframework.context.support.ClassPathXmlApplicationContext@1eb5174b: startup date [Thu Feb 27 13:47:24 CST 2020]; root of context hierarchy
Feb 27, 2020 1:47:24 PM org.springframework.beans.factory.xml.XmlBeanDefinitionReader loadBeanDefinitions
INFO: Loading XML bean definitions from class path resource [applicationContext.xml]
]]></system-err>
  </testcase>
  <testcase name="testRemoveDVD" classname="com.sg.dvdlibrary.service.DVDLibraryServiceLayerTest" time="0.001">
    <error message="Line 27 in XML document from class path resource [applicationContext.xml] is invalid; nested exception is org.xml.sax.SAXParseException; lineNumber: 27; columnNumber: 62; cvc-complex-type.2.4.a: Invalid content was found starting with element &apos;{&quot;http://www.springframework.org/schema/beans&quot;:bean}&apos;. One of &apos;{&quot;http://www.springframework.org/schema/beans&quot;:description, &quot;http://www.springframework.org/schema/beans&quot;:meta, &quot;http://www.springframework.org/schema/beans&quot;:constructor-arg, &quot;http://www.springframework.org/schema/beans&quot;:property, &quot;http://www.springframework.org/schema/beans&quot;:qualifier, &quot;http://www.springframework.org/schema/beans&quot;:lookup-method, &quot;http://www.springframework.org/schema/beans&quot;:replaced-method, WC[##other:&quot;http://www.springframework.org/schema/beans&quot;]}&apos; is expected." type="org.springframework.beans.factory.xml.XmlBeanDefinitionStoreException"><![CDATA[org.springframework.beans.factory.xml.XmlBeanDefinitionStoreException: Line 27 in XML document from class path resource [applicationContext.xml] is invalid; nested exception is org.xml.sax.SAXParseException; lineNumber: 27; columnNumber: 62; cvc-complex-type.2.4.a: Invalid content was found starting with element '{"http://www.springframework.org/schema/beans":bean}'. One of '{"http://www.springframework.org/schema/beans":description, "http://www.springframework.org/schema/beans":meta, "http://www.springframework.org/schema/beans":constructor-arg, "http://www.springframework.org/schema/beans":property, "http://www.springframework.org/schema/beans":qualifier, "http://www.springframework.org/schema/beans":lookup-method, "http://www.springframework.org/schema/beans":replaced-method, WC[##other:"http://www.springframework.org/schema/beans"]}' is expected.
	at com.sg.dvdlibrary.service.DVDLibraryServiceLayerTest.<init>(DVDLibraryServiceLayerTest.java:32)
Caused by: org.xml.sax.SAXParseException: cvc-complex-type.2.4.a: Invalid content was found starting with element '{"http://www.springframework.org/schema/beans":bean}'. One of '{"http://www.springframework.org/schema/beans":description, "http://www.springframework.org/schema/beans":meta, "http://www.springframework.org/schema/beans":constructor-arg, "http://www.springframework.org/schema/beans":property, "http://www.springframework.org/schema/beans":qualifier, "http://www.springframework.org/schema/beans":lookup-method, "http://www.springframework.org/schema/beans":replaced-method, WC[##other:"http://www.springframework.org/schema/beans"]}' is expected.
	at com.sg.dvdlibrary.service.DVDLibraryServiceLayerTest.<init>(DVDLibraryServiceLayerTest.java:32)
]]></error>
    <system-err><![CDATA[Feb 27, 2020 1:47:24 PM org.springframework.context.support.ClassPathXmlApplicationContext prepareRefresh
INFO: Refreshing org.springframework.context.support.ClassPathXmlApplicationContext@625732: startup date [Thu Feb 27 13:47:24 CST 2020]; root of context hierarchy
Feb 27, 2020 1:47:24 PM org.springframework.beans.factory.xml.XmlBeanDefinitionReader loadBeanDefinitions
INFO: Loading XML bean definitions from class path resource [applicationContext.xml]
]]></system-err>
  </testcase>
</testsuite>